<?xml version="1.0" encoding="UTF-8"?>
<testsuite name="ConductorTest" tests="1" skipped="0" failures="0" errors="0" timestamp="2019-12-03T22:04:54" hostname="GGIECSOFWRK145" time="0.003">
  <properties/>
  <testcase name="test" classname="ConductorTest" time="0.003"/>
  <system-out><![CDATA[]]></system-out>
  <system-err><![CDATA[]]></system-err>
</testsuite>
